# JRE version: OpenJDK Runtime Environment (8.0_112-b06) (build 1.8.0_112-release-b06)
# Java VM: OpenJDK 64-Bit Server VM (25.112-b06 mixed mode linux-amd64 compressed oops)
Heap:
 PSYoungGen      total 390144K, used 13506K [0x00000000e0000000, 0x00000000fab80000, 0x0000000100000000)
  eden space 342528K, 0% used [0x00000000e0000000,0x00000000e0000000,0x00000000f4e80000)
  from space 47616K, 28% used [0x00000000f7d00000,0x00000000f8a30980,0x00000000fab80000)
  to   space 32768K, 0% used [0x00000000f5b00000,0x00000000f5b00000,0x00000000f7b00000)
 ParOldGen       total 203264K, used 56053K [0x00000000a0000000, 0x00000000ac680000, 0x00000000e0000000)
  object space 203264K, 27% used [0x00000000a0000000,0x00000000a36bd420,0x00000000ac680000)
 Metaspace       used 71819K, capacity 76564K, committed 76824K, reserved 1116160K
  class space    used 9052K, capacity 9766K, committed 9776K, reserved 1048576K
GC Heap History (10 events):
Event: 977.843 GC heap after
Heap after GC invocations=21 (full 4):
 PSYoungGen      total 407552K, used 9230K [0x00000000e0000000, 0x00000000fd680000, 0x0000000100000000)
  eden space 397824K, 0% used [0x00000000e0000000,0x00000000e0000000,0x00000000f8480000)
  from space 9728K, 94% used [0x00000000f9380000,0x00000000f9c83b10,0x00000000f9d00000)
  to   space 41984K, 0% used [0x00000000fad80000,0x00000000fad80000,0x00000000fd680000)
 ParOldGen       total 203264K, used 56021K [0x00000000a0000000, 0x00000000ac680000, 0x00000000e0000000)
  object space 203264K, 27% used [0x00000000a0000000,0x00000000a36b5420,0x00000000ac680000)
 Metaspace       used 69937K, capacity 74326K, committed 74392K, reserved 1114112K
  class space    used 8896K, capacity 9613K, committed 9648K, reserved 1048576K
}
Event: 980.398 GC heap before
{Heap before GC invocations=22 (full 4):
 PSYoungGen      total 407552K, used 407054K [0x00000000e0000000, 0x00000000fd680000, 0x0000000100000000)
  eden space 397824K, 100% used [0x00000000e0000000,0x00000000f8480000,0x00000000f8480000)
  from space 9728K, 94% used [0x00000000f9380000,0x00000000f9c83b10,0x00000000f9d00000)
  to   space 41984K, 0% used [0x00000000fad80000,0x00000000fad80000,0x00000000fd680000)
 ParOldGen       total 203264K, used 56021K [0x00000000a0000000, 0x00000000ac680000, 0x00000000e0000000)
  object space 203264K, 27% used [0x00000000a0000000,0x00000000a36b5420,0x00000000ac680000)
 Metaspace       used 71064K, capacity 75550K, committed 75800K, reserved 1116160K
  class space    used 8970K, capacity 9689K, committed 9776K, reserved 1048576K
Event: 980.426 GC heap after
Heap after GC invocations=22 (full 4):
 PSYoungGen      total 423936K, used 40691K [0x00000000e0000000, 0x00000000fd580000, 0x0000000100000000)
  eden space 382976K, 0% used [0x00000000e0000000,0x00000000e0000000,0x00000000f7600000)
  from space 40960K, 99% used [0x00000000fad80000,0x00000000fd53cda8,0x00000000fd580000)
  to   space 48640K, 0% used [0x00000000f7680000,0x00000000f7680000,0x00000000fa600000)
 ParOldGen       total 203264K, used 56029K [0x00000000a0000000, 0x00000000ac680000, 0x00000000e0000000)
  object space 203264K, 27% used [0x00000000a0000000,0x00000000a36b7420,0x00000000ac680000)
 Metaspace       used 71064K, capacity 75550K, committed 75800K, reserved 1116160K
  class space    used 8970K, capacity 9689K, committed 9776K, reserved 1048576K
}
Event: 1039.008 GC heap before
{Heap before GC invocations=23 (full 4):
 PSYoungGen      total 423936K, used 423667K [0x00000000e0000000, 0x00000000fd580000, 0x0000000100000000)
  eden space 382976K, 100% used [0x00000000e0000000,0x00000000f7600000,0x00000000f7600000)
  from space 40960K, 99% used [0x00000000fad80000,0x00000000fd53cda8,0x00000000fd580000)
  to   space 48640K, 0% used [0x00000000f7680000,0x00000000f7680000,0x00000000fa600000)
 ParOldGen       total 203264K, used 56029K [0x00000000a0000000, 0x00000000ac680000, 0x00000000e0000000)
  object space 203264K, 27% used [0x00000000a0000000,0x00000000a36b7420,0x00000000ac680000)
 Metaspace       used 71181K, capacity 75728K, committed 76056K, reserved 1116160K
  class space    used 8982K, capacity 9702K, committed 9776K, reserved 1048576K
Event: 1039.040 GC heap after
Heap after GC invocations=23 (full 4):
 PSYoungGen      total 382464K, used 13344K [0x00000000e0000000, 0x00000000fc300000, 0x0000000100000000)
  eden space 368640K, 0% used [0x00000000e0000000,0x00000000e0000000,0x00000000f6800000)
  from space 13824K, 96% used [0x00000000f7680000,0x00000000f83882f8,0x00000000f8400000)
  to   space 46592K, 0% used [0x00000000f9580000,0x00000000f9580000,0x00000000fc300000)
 ParOldGen       total 203264K, used 56037K [0x00000000a0000000, 0x00000000ac680000, 0x00000000e0000000)
  object space 203264K, 27% used [0x00000000a0000000,0x00000000a36b9420,0x00000000ac680000)
 Metaspace       used 71181K, capacity 75728K, committed 76056K, reserved 1116160K
  class space    used 8982K, capacity 9702K, committed 9776K, reserved 1048576K
}
Event: 1168.462 GC heap before
{Heap before GC invocations=24 (full 4):
 PSYoungGen      total 382464K, used 381846K [0x00000000e0000000, 0x00000000fc300000, 0x0000000100000000)
  eden space 368640K, 99% used [0x00000000e0000000,0x00000000f67dd880,0x00000000f6800000)
  from space 13824K, 96% used [0x00000000f7680000,0x00000000f83882f8,0x00000000f8400000)
  to   space 46592K, 0% used [0x00000000f9580000,0x00000000f9580000,0x00000000fc300000)
 ParOldGen       total 203264K, used 56037K [0x00000000a0000000, 0x00000000ac680000, 0x00000000e0000000)
  object space 203264K, 27% used [0x00000000a0000000,0x00000000a36b9420,0x00000000ac680000)
 Metaspace       used 71477K, capacity 76046K, committed 76312K, reserved 1116160K
  class space    used 9018K, capacity 9719K, committed 9776K, reserved 1048576K
Event: 1168.477 GC heap after
Heap after GC invocations=24 (full 4):
 PSYoungGen      total 384512K, used 12759K [0x00000000e0000000, 0x00000000fb200000, 0x0000000100000000)
  eden space 355328K, 0% used [0x00000000e0000000,0x00000000e0000000,0x00000000f5b00000)
  from space 29184K, 43% used [0x00000000f9580000,0x00000000fa1f5f30,0x00000000fb200000)
  to   space 44544K, 0% used [0x00000000f5b00000,0x00000000f5b00000,0x00000000f8680000)
 ParOldGen       total 203264K, used 56045K [0x00000000a0000000, 0x00000000ac680000, 0x00000000e0000000)
  object space 203264K, 27% used [0x00000000a0000000,0x00000000a36bb420,0x00000000ac680000)
 Metaspace       used 71477K, capacity 76046K, committed 76312K, reserved 1116160K
  class space    used 9018K, capacity 9719K, committed 9776K, reserved 1048576K
}
Event: 3231.933 GC heap before
{Heap before GC invocations=25 (full 4):
 PSYoungGen      total 384512K, used 367801K [0x00000000e0000000, 0x00000000fb200000, 0x0000000100000000)
  eden space 355328K, 99% used [0x00000000e0000000,0x00000000f5ab84e8,0x00000000f5b00000)
  from space 29184K, 43% used [0x00000000f9580000,0x00000000fa1f5f30,0x00000000fb200000)
  to   space 44544K, 0% used [0x00000000f5b00000,0x00000000f5b00000,0x00000000f8680000)
 ParOldGen       total 203264K, used 56045K [0x00000000a0000000, 0x00000000ac680000, 0x00000000e0000000)
  object space 203264K, 27% used [0x00000000a0000000,0x00000000a36bb420,0x00000000ac680000)
 Metaspace       used 71803K, capacity 76564K, committed 76824K, reserved 1116160K
  class space    used 9051K, capacity 9766K, committed 9776K, reserved 1048576K
Event: 3232.140 GC heap after
Heap after GC invocations=25 (full 4):
 PSYoungGen      total 375296K, used 32637K [0x00000000e0000000, 0x00000000fab80000, 0x0000000100000000)
  eden space 342528K, 0% used [0x00000000e0000000,0x00000000e0000000,0x00000000f4e80000)
  from space 32768K, 99% used [0x00000000f5b00000,0x00000000f7adf480,0x00000000f7b00000)
  to   space 47616K, 0% used [0x00000000f7d00000,0x00000000f7d00000,0x00000000fab80000)
 ParOldGen       total 203264K, used 56053K [0x00000000a0000000, 0x00000000ac680000, 0x00000000e0000000)
  object space 203264K, 27% used [0x00000000a0000000,0x00000000a36bd420,0x00000000ac680000)
 Metaspace       used 71803K, capacity 76564K, committed 76824K, reserved 1116160K
  class space    used 9051K, capacity 9766K, committed 9776K, reserved 1048576K
}
Event: 3237.118 GC heap before
{Heap before GC invocations=26 (full 4):
 PSYoungGen      total 375296K, used 374377K [0x00000000e0000000, 0x00000000fab80000, 0x0000000100000000)
  eden space 342528K, 99% used [0x00000000e0000000,0x00000000f4dbb248,0x00000000f4e80000)
  from space 32768K, 99% used [0x00000000f5b00000,0x00000000f7adf480,0x00000000f7b00000)
  to   space 47616K, 0% used [0x00000000f7d00000,0x00000000f7d00000,0x00000000fab80000)
 ParOldGen       total 203264K, used 56053K [0x00000000a0000000, 0x00000000ac680000, 0x00000000e0000000)
  object space 203264K, 27% used [0x00000000a0000000,0x00000000a36bd420,0x00000000ac680000)
 Metaspace       used 71819K, capacity 76564K, committed 76824K, reserved 1116160K
  class space    used 9052K, capacity 9766K, committed 9776K, reserved 1048576K

