# JRE version: OpenJDK Runtime Environment (8.0_152-b06) (build 1.8.0_152-release-1136-b06)
# Java VM: OpenJDK 64-Bit Server VM (25.152-b06 mixed mode windows-amd64 compressed oops)
Heap:
 PSYoungGen      total 196608K, used 165221K [0x00000000e0000000, 0x00000000ef280000, 0x0000000100000000)
  eden space 171520K, 89% used [0x00000000e0000000,0x00000000e9699548,0x00000000ea780000)
  from space 25088K, 43% used [0x00000000ea780000,0x00000000eb2401a0,0x00000000ec000000)
  to   space 24064K, 0% used [0x00000000edb00000,0x00000000edb00000,0x00000000ef280000)
 ParOldGen       total 103424K, used 39540K [0x00000000a0000000, 0x00000000a6500000, 0x00000000e0000000)
  object space 103424K, 38% used [0x00000000a0000000,0x00000000a269d370,0x00000000a6500000)
 Metaspace       used 60991K, capacity 63100K, committed 63104K, reserved 1103872K
  class space    used 8270K, capacity 8831K, committed 8832K, reserved 1048576K
GC Heap History (10 events):
Event: 9.261 GC heap before
{Heap before GC invocations=10 (full 2):
 PSYoungGen      total 140800K, used 131072K [0x00000000e0000000, 0x00000000ea880000, 0x0000000100000000)
  eden space 131072K, 100% used [0x00000000e0000000,0x00000000e8000000,0x00000000e8000000)
  from space 9728K, 0% used [0x00000000e8000000,0x00000000e8000000,0x00000000e8980000)
  to   space 12288K, 0% used [0x00000000e9c80000,0x00000000e9c80000,0x00000000ea880000)
 ParOldGen       total 103424K, used 19081K [0x00000000a0000000, 0x00000000a6500000, 0x00000000e0000000)
  object space 103424K, 18% used [0x00000000a0000000,0x00000000a12a2650,0x00000000a6500000)
 Metaspace       used 42103K, capacity 42840K, committed 43136K, reserved 1087488K
  class space    used 5691K, capacity 5948K, committed 6016K, reserved 1048576K
Event: 9.291 GC heap after
Heap after GC invocations=10 (full 2):
 PSYoungGen      total 157184K, used 12283K [0x00000000e0000000, 0x00000000ecc80000, 0x0000000100000000)
  eden space 144896K, 0% used [0x00000000e0000000,0x00000000e0000000,0x00000000e8d80000)
  from space 12288K, 99% used [0x00000000e9c80000,0x00000000ea87ec88,0x00000000ea880000)
  to   space 15360K, 0% used [0x00000000e8d80000,0x00000000e8d80000,0x00000000e9c80000)
 ParOldGen       total 103424K, used 22465K [0x00000000a0000000, 0x00000000a6500000, 0x00000000e0000000)
  object space 103424K, 21% used [0x00000000a0000000,0x00000000a15f0660,0x00000000a6500000)
 Metaspace       used 42103K, capacity 42840K, committed 43136K, reserved 1087488K
  class space    used 5691K, capacity 5948K, committed 6016K, reserved 1048576K
}
Event: 12.101 GC heap before
{Heap before GC invocations=11 (full 2):
 PSYoungGen      total 157184K, used 157179K [0x00000000e0000000, 0x00000000ecc80000, 0x0000000100000000)
  eden space 144896K, 100% used [0x00000000e0000000,0x00000000e8d80000,0x00000000e8d80000)
  from space 12288K, 99% used [0x00000000e9c80000,0x00000000ea87ec88,0x00000000ea880000)
  to   space 15360K, 0% used [0x00000000e8d80000,0x00000000e8d80000,0x00000000e9c80000)
 ParOldGen       total 103424K, used 22465K [0x00000000a0000000, 0x00000000a6500000, 0x00000000e0000000)
  object space 103424K, 21% used [0x00000000a0000000,0x00000000a15f0660,0x00000000a6500000)
 Metaspace       used 53504K, capacity 55064K, committed 55296K, reserved 1097728K
  class space    used 7272K, capacity 7667K, committed 7680K, reserved 1048576K
Event: 12.140 GC heap after
Heap after GC invocations=11 (full 2):
 PSYoungGen      total 160256K, used 15341K [0x00000000e0000000, 0x00000000ed480000, 0x0000000100000000)
  eden space 144896K, 0% used [0x00000000e0000000,0x00000000e0000000,0x00000000e8d80000)
  from space 15360K, 99% used [0x00000000e8d80000,0x00000000e9c7b4f0,0x00000000e9c80000)
  to   space 20992K, 0% used [0x00000000ec000000,0x00000000ec000000,0x00000000ed480000)
 ParOldGen       total 103424K, used 30700K [0x00000000a0000000, 0x00000000a6500000, 0x00000000e0000000)
  object space 103424K, 29% used [0x00000000a0000000,0x00000000a1dfb1a8,0x00000000a6500000)
 Metaspace       used 53504K, capacity 55064K, committed 55296K, reserved 1097728K
  class space    used 7272K, capacity 7667K, committed 7680K, reserved 1048576K
}
Event: 14.263 GC heap before
{Heap before GC invocations=12 (full 2):
 PSYoungGen      total 160256K, used 110977K [0x00000000e0000000, 0x00000000ed480000, 0x0000000100000000)
  eden space 144896K, 66% used [0x00000000e0000000,0x00000000e5d65118,0x00000000e8d80000)
  from space 15360K, 99% used [0x00000000e8d80000,0x00000000e9c7b4f0,0x00000000e9c80000)
  to   space 20992K, 0% used [0x00000000ec000000,0x00000000ec000000,0x00000000ed480000)
 ParOldGen       total 103424K, used 30700K [0x00000000a0000000, 0x00000000a6500000, 0x00000000e0000000)
  object space 103424K, 29% used [0x00000000a0000000,0x00000000a1dfb1a8,0x00000000a6500000)
 Metaspace       used 57199K, capacity 58962K, committed 59008K, reserved 1099776K
  class space    used 7808K, capacity 8298K, committed 8320K, reserved 1048576K
Event: 14.298 GC heap after
Heap after GC invocations=12 (full 2):
 PSYoungGen      total 192512K, used 20965K [0x00000000e0000000, 0x00000000edd00000, 0x0000000100000000)
  eden space 171520K, 0% used [0x00000000e0000000,0x00000000e0000000,0x00000000ea780000)
  from space 20992K, 99% used [0x00000000ec000000,0x00000000ed479510,0x00000000ed480000)
  to   space 25088K, 0% used [0x00000000ea780000,0x00000000ea780000,0x00000000ec000000)
 ParOldGen       total 103424K, used 34395K [0x00000000a0000000, 0x00000000a6500000, 0x00000000e0000000)
  object space 103424K, 33% used [0x00000000a0000000,0x00000000a2196ed0,0x00000000a6500000)
 Metaspace       used 57199K, capacity 58962K, committed 59008K, reserved 1099776K
  class space    used 7808K, capacity 8298K, committed 8320K, reserved 1048576K
}
Event: 14.298 GC heap before
{Heap before GC invocations=13 (full 3):
 PSYoungGen      total 192512K, used 20965K [0x00000000e0000000, 0x00000000edd00000, 0x0000000100000000)
  eden space 171520K, 0% used [0x00000000e0000000,0x00000000e0000000,0x00000000ea780000)
  from space 20992K, 99% used [0x00000000ec000000,0x00000000ed479510,0x00000000ed480000)
  to   space 25088K, 0% used [0x00000000ea780000,0x00000000ea780000,0x00000000ec000000)
 ParOldGen       total 103424K, used 34395K [0x00000000a0000000, 0x00000000a6500000, 0x00000000e0000000)
  object space 103424K, 33% used [0x00000000a0000000,0x00000000a2196ed0,0x00000000a6500000)
 Metaspace       used 57199K, capacity 58962K, committed 59008K, reserved 1099776K
  class space    used 7808K, capacity 8298K, committed 8320K, reserved 1048576K
Event: 14.582 GC heap after
Heap after GC invocations=13 (full 3):
 PSYoungGen      total 192512K, used 0K [0x00000000e0000000, 0x00000000edd00000, 0x0000000100000000)
  eden space 171520K, 0% used [0x00000000e0000000,0x00000000e0000000,0x00000000ea780000)
  from space 20992K, 0% used [0x00000000ec000000,0x00000000ec000000,0x00000000ed480000)
  to   space 25088K, 0% used [0x00000000ea780000,0x00000000ea780000,0x00000000ec000000)
 ParOldGen       total 103424K, used 39532K [0x00000000a0000000, 0x00000000a6500000, 0x00000000e0000000)
  object space 103424K, 38% used [0x00000000a0000000,0x00000000a269b370,0x00000000a6500000)
 Metaspace       used 57199K, capacity 58962K, committed 59008K, reserved 1099776K
  class space    used 7808K, capacity 8298K, committed 8320K, reserved 1048576K
}
Event: 27.635 GC heap before
{Heap before GC invocations=14 (full 3):
 PSYoungGen      total 192512K, used 167691K [0x00000000e0000000, 0x00000000edd00000, 0x0000000100000000)
  eden space 171520K, 97% used [0x00000000e0000000,0x00000000ea3c2c70,0x00000000ea780000)
  from space 20992K, 0% used [0x00000000ec000000,0x00000000ec000000,0x00000000ed480000)
  to   space 25088K, 0% used [0x00000000ea780000,0x00000000ea780000,0x00000000ec000000)
 ParOldGen       total 103424K, used 39532K [0x00000000a0000000, 0x00000000a6500000, 0x00000000e0000000)
  object space 103424K, 38% used [0x00000000a0000000,0x00000000a269b370,0x00000000a6500000)
 Metaspace       used 60638K, capacity 62768K, committed 62848K, reserved 1103872K
  class space    used 8213K, capacity 8773K, committed 8832K, reserved 1048576K
Event: 27.655 GC heap after
Heap after GC invocations=14 (full 3):
 PSYoungGen      total 196608K, used 11008K [0x00000000e0000000, 0x00000000ef280000, 0x0000000100000000)
  eden space 171520K, 0% used [0x00000000e0000000,0x00000000e0000000,0x00000000ea780000)
  from space 25088K, 43% used [0x00000000ea780000,0x00000000eb2401a0,0x00000000ec000000)
  to   space 24064K, 0% used [0x00000000edb00000,0x00000000edb00000,0x00000000ef280000)
 ParOldGen       total 103424K, used 39540K [0x00000000a0000000, 0x00000000a6500000, 0x00000000e0000000)
  object space 103424K, 38% used [0x00000000a0000000,0x00000000a269d370,0x00000000a6500000)
 Metaspace       used 60638K, capacity 62768K, committed 62848K, reserved 1103872K
  class space    used 8213K, capacity 8773K, committed 8832K, reserved 1048576K
}

