# JRE version: OpenJDK Runtime Environment (8.0_152-b06) (build 1.8.0_152-release-1136-b06)
# Java VM: OpenJDK 64-Bit Server VM (25.152-b06 mixed mode windows-amd64 compressed oops)
Heap:
 PSYoungGen      total 456704K, used 59135K [0x00000000e0000000, 0x00000000ffc80000, 0x0000000100000000)
  eden space 451072K, 11% used [0x00000000e0000000,0x00000000e3449ab0,0x00000000fb880000)
  from space 5632K, 99% used [0x00000000fb880000,0x00000000fbdf6448,0x00000000fbe00000)
  to   space 34816K, 0% used [0x00000000fda80000,0x00000000fda80000,0x00000000ffc80000)
 ParOldGen       total 219136K, used 77661K [0x00000000a0000000, 0x00000000ad600000, 0x00000000e0000000)
  object space 219136K, 35% used [0x00000000a0000000,0x00000000a4bd74e0,0x00000000ad600000)
 Metaspace       used 83248K, capacity 86508K, committed 86784K, reserved 1124352K
  class space    used 10511K, capacity 11171K, committed 11264K, reserved 1048576K
GC Heap History (10 events):
Event: 1888.765 GC heap before
{Heap before GC invocations=31 (full 3):
 PSYoungGen      total 396288K, used 360032K [0x00000000e0000000, 0x00000000fec80000, 0x0000000100000000)
  eden space 359936K, 100% used [0x00000000e0000000,0x00000000f5f80000,0x00000000f5f80000)
  from space 36352K, 0% used [0x00000000f5f80000,0x00000000f5f98000,0x00000000f8300000)
  to   space 36352K, 0% used [0x00000000fc900000,0x00000000fc900000,0x00000000fec80000)
 ParOldGen       total 149504K, used 130737K [0x00000000a0000000, 0x00000000a9200000, 0x00000000e0000000)
  object space 149504K, 87% used [0x00000000a0000000,0x00000000a7fac5f8,0x00000000a9200000)
 Metaspace       used 81749K, capacity 84984K, committed 85120K, reserved 1124352K
  class space    used 10426K, capacity 11125K, committed 11136K, reserved 1048576K
Event: 1888.798 GC heap after
Heap after GC invocations=31 (full 3):
 PSYoungGen      total 450560K, used 6759K [0x00000000e0000000, 0x00000000fe280000, 0x0000000100000000)
  eden space 424448K, 0% used [0x00000000e0000000,0x00000000e0000000,0x00000000f9e80000)
  from space 26112K, 25% used [0x00000000fc900000,0x00000000fcf99d78,0x00000000fe280000)
  to   space 34816K, 0% used [0x00000000f9e80000,0x00000000f9e80000,0x00000000fc080000)
 ParOldGen       total 149504K, used 130769K [0x00000000a0000000, 0x00000000a9200000, 0x00000000e0000000)
  object space 149504K, 87% used [0x00000000a0000000,0x00000000a7fb45f8,0x00000000a9200000)
 Metaspace       used 81749K, capacity 84984K, committed 85120K, reserved 1124352K
  class space    used 10426K, capacity 11125K, committed 11136K, reserved 1048576K
}
Event: 1890.272 GC heap before
{Heap before GC invocations=32 (full 3):
 PSYoungGen      total 450560K, used 431148K [0x00000000e0000000, 0x00000000fe280000, 0x0000000100000000)
  eden space 424448K, 99% used [0x00000000e0000000,0x00000000f9e71578,0x00000000f9e80000)
  from space 26112K, 25% used [0x00000000fc900000,0x00000000fcf99d78,0x00000000fe280000)
  to   space 34816K, 0% used [0x00000000f9e80000,0x00000000f9e80000,0x00000000fc080000)
 ParOldGen       total 149504K, used 130769K [0x00000000a0000000, 0x00000000a9200000, 0x00000000e0000000)
  object space 149504K, 87% used [0x00000000a0000000,0x00000000a7fb45f8,0x00000000a9200000)
 Metaspace       used 81813K, capacity 85068K, committed 85120K, reserved 1124352K
  class space    used 10427K, capacity 11127K, committed 11136K, reserved 1048576K
Event: 1890.292 GC heap after
Heap after GC invocations=32 (full 3):
 PSYoungGen      total 459264K, used 23041K [0x00000000e0000000, 0x0000000100000000, 0x0000000100000000)
  eden space 424448K, 0% used [0x00000000e0000000,0x00000000e0000000,0x00000000f9e80000)
  from space 34816K, 66% used [0x00000000f9e80000,0x00000000fb500720,0x00000000fc080000)
  to   space 36864K, 0% used [0x00000000fdc00000,0x00000000fdc00000,0x0000000100000000)
 ParOldGen       total 149504K, used 136380K [0x00000000a0000000, 0x00000000a9200000, 0x00000000e0000000)
  object space 149504K, 91% used [0x00000000a0000000,0x00000000a852f268,0x00000000a9200000)
 Metaspace       used 81813K, capacity 85068K, committed 85120K, reserved 1124352K
  class space    used 10427K, capacity 11127K, committed 11136K, reserved 1048576K
}
Event: 1890.293 GC heap before
{Heap before GC invocations=33 (full 4):
 PSYoungGen      total 459264K, used 23041K [0x00000000e0000000, 0x0000000100000000, 0x0000000100000000)
  eden space 424448K, 0% used [0x00000000e0000000,0x00000000e0000000,0x00000000f9e80000)
  from space 34816K, 66% used [0x00000000f9e80000,0x00000000fb500720,0x00000000fc080000)
  to   space 36864K, 0% used [0x00000000fdc00000,0x00000000fdc00000,0x0000000100000000)
 ParOldGen       total 149504K, used 136380K [0x00000000a0000000, 0x00000000a9200000, 0x00000000e0000000)
  object space 149504K, 91% used [0x00000000a0000000,0x00000000a852f268,0x00000000a9200000)
 Metaspace       used 81813K, capacity 85068K, committed 85120K, reserved 1124352K
  class space    used 10427K, capacity 11127K, committed 11136K, reserved 1048576K
Event: 1890.674 GC heap after
Heap after GC invocations=33 (full 4):
 PSYoungGen      total 459264K, used 0K [0x00000000e0000000, 0x0000000100000000, 0x0000000100000000)
  eden space 424448K, 0% used [0x00000000e0000000,0x00000000e0000000,0x00000000f9e80000)
  from space 34816K, 0% used [0x00000000f9e80000,0x00000000f9e80000,0x00000000fc080000)
  to   space 36864K, 0% used [0x00000000fdc00000,0x00000000fdc00000,0x0000000100000000)
 ParOldGen       total 219136K, used 77340K [0x00000000a0000000, 0x00000000ad600000, 0x00000000e0000000)
  object space 219136K, 35% used [0x00000000a0000000,0x00000000a4b87290,0x00000000ad600000)
 Metaspace       used 81542K, capacity 84548K, committed 85120K, reserved 1124352K
  class space    used 10367K, capacity 11017K, committed 11136K, reserved 1048576K
}
Event: 4608.291 GC heap before
{Heap before GC invocations=34 (full 4):
 PSYoungGen      total 459264K, used 424448K [0x00000000e0000000, 0x0000000100000000, 0x0000000100000000)
  eden space 424448K, 100% used [0x00000000e0000000,0x00000000f9e80000,0x00000000f9e80000)
  from space 34816K, 0% used [0x00000000f9e80000,0x00000000f9e80000,0x00000000fc080000)
  to   space 36864K, 0% used [0x00000000fdc00000,0x00000000fdc00000,0x0000000100000000)
 ParOldGen       total 219136K, used 77340K [0x00000000a0000000, 0x00000000ad600000, 0x00000000e0000000)
  object space 219136K, 35% used [0x00000000a0000000,0x00000000a4b87290,0x00000000ad600000)
 Metaspace       used 81578K, capacity 84630K, committed 85376K, reserved 1124352K
  class space    used 10369K, capacity 11020K, committed 11136K, reserved 1048576K
Event: 4608.306 GC heap after
Heap after GC invocations=34 (full 4):
 PSYoungGen      total 487936K, used 468K [0x00000000e0000000, 0x0000000100000000, 0x0000000100000000)
  eden space 451072K, 0% used [0x00000000e0000000,0x00000000e0000000,0x00000000fb880000)
  from space 36864K, 1% used [0x00000000fdc00000,0x00000000fdc75220,0x0000000100000000)
  to   space 36352K, 0% used [0x00000000fb880000,0x00000000fb880000,0x00000000fdc00000)
 ParOldGen       total 219136K, used 77348K [0x00000000a0000000, 0x00000000ad600000, 0x00000000e0000000)
  object space 219136K, 35% used [0x00000000a0000000,0x00000000a4b89290,0x00000000ad600000)
 Metaspace       used 81578K, capacity 84630K, committed 85376K, reserved 1124352K
  class space    used 10369K, capacity 11020K, committed 11136K, reserved 1048576K
}
Event: 6781.821 GC heap before
{Heap before GC invocations=35 (full 4):
 PSYoungGen      total 487936K, used 451540K [0x00000000e0000000, 0x0000000100000000, 0x0000000100000000)
  eden space 451072K, 100% used [0x00000000e0000000,0x00000000fb880000,0x00000000fb880000)
  from space 36864K, 1% used [0x00000000fdc00000,0x00000000fdc75220,0x0000000100000000)
  to   space 36352K, 0% used [0x00000000fb880000,0x00000000fb880000,0x00000000fdc00000)
 ParOldGen       total 219136K, used 77348K [0x00000000a0000000, 0x00000000ad600000, 0x00000000e0000000)
  object space 219136K, 35% used [0x00000000a0000000,0x00000000a4b89290,0x00000000ad600000)
 Metaspace       used 82208K, capacity 85412K, committed 85632K, reserved 1124352K
  class space    used 10404K, capacity 11067K, committed 11136K, reserved 1048576K
Event: 6781.839 GC heap after
Heap after GC invocations=35 (full 4):
 PSYoungGen      total 456704K, used 5593K [0x00000000e0000000, 0x00000000ffc80000, 0x0000000100000000)
  eden space 451072K, 0% used [0x00000000e0000000,0x00000000e0000000,0x00000000fb880000)
  from space 5632K, 99% used [0x00000000fb880000,0x00000000fbdf6448,0x00000000fbe00000)
  to   space 34816K, 0% used [0x00000000fda80000,0x00000000fda80000,0x00000000ffc80000)
 ParOldGen       total 219136K, used 77661K [0x00000000a0000000, 0x00000000ad600000, 0x00000000e0000000)
  object space 219136K, 35% used [0x00000000a0000000,0x00000000a4bd74e0,0x00000000ad600000)
 Metaspace       used 82208K, capacity 85412K, committed 85632K, reserved 1124352K
  class space    used 10404K, capacity 11067K, committed 11136K, reserved 1048576K
}

