# JRE version: OpenJDK Runtime Environment (8.0_152-b06) (build 1.8.0_152-release-1136-b06)
# Java VM: OpenJDK 64-Bit Server VM (25.152-b06 mixed mode windows-amd64 compressed oops)
Heap:
 PSYoungGen      total 157184K, used 48810K [0x00000000e0000000, 0x00000000ec300000, 0x0000000100000000)
  eden space 139776K, 22% used [0x00000000e0000000,0x00000000e1eabe00,0x00000000e8880000)
  from space 17408K, 99% used [0x00000000e8880000,0x00000000e997ed88,0x00000000e9980000)
  to   space 22528K, 0% used [0x00000000ead00000,0x00000000ead00000,0x00000000ec300000)
 ParOldGen       total 89600K, used 51983K [0x00000000a0000000, 0x00000000a5780000, 0x00000000e0000000)
  object space 89600K, 58% used [0x00000000a0000000,0x00000000a32c3f10,0x00000000a5780000)
 Metaspace       used 72420K, capacity 75020K, committed 75136K, reserved 1114112K
  class space    used 9680K, capacity 10275K, committed 10368K, reserved 1048576K
GC Heap History (10 events):
Event: 32.206 GC heap before
{Heap before GC invocations=16 (full 2):
 PSYoungGen      total 101376K, used 97337K [0x00000000e0000000, 0x00000000e8880000, 0x0000000100000000)
  eden space 89600K, 100% used [0x00000000e0000000,0x00000000e5780000,0x00000000e5780000)
  from space 11776K, 65% used [0x00000000e5780000,0x00000000e5f0e488,0x00000000e6300000)
  to   space 11264K, 0% used [0x00000000e7d80000,0x00000000e7d80000,0x00000000e8880000)
 ParOldGen       total 89600K, used 25282K [0x00000000a0000000, 0x00000000a5780000, 0x00000000e0000000)
  object space 89600K, 28% used [0x00000000a0000000,0x00000000a18b0b60,0x00000000a5780000)
 Metaspace       used 55183K, capacity 56964K, committed 57216K, reserved 1097728K
  class space    used 7559K, capacity 8053K, committed 8064K, reserved 1048576K
Event: 32.230 GC heap after
Heap after GC invocations=16 (full 2):
 PSYoungGen      total 126464K, used 9973K [0x00000000e0000000, 0x00000000e8880000, 0x0000000100000000)
  eden space 115200K, 0% used [0x00000000e0000000,0x00000000e0000000,0x00000000e7080000)
  from space 11264K, 88% used [0x00000000e7d80000,0x00000000e873d5d0,0x00000000e8880000)
  to   space 12288K, 0% used [0x00000000e7080000,0x00000000e7080000,0x00000000e7c80000)
 ParOldGen       total 89600K, used 28553K [0x00000000a0000000, 0x00000000a5780000, 0x00000000e0000000)
  object space 89600K, 31% used [0x00000000a0000000,0x00000000a1be25b0,0x00000000a5780000)
 Metaspace       used 55183K, capacity 56964K, committed 57216K, reserved 1097728K
  class space    used 7559K, capacity 8053K, committed 8064K, reserved 1048576K
}
Event: 34.944 GC heap before
{Heap before GC invocations=17 (full 2):
 PSYoungGen      total 126464K, used 62471K [0x00000000e0000000, 0x00000000e8880000, 0x0000000100000000)
  eden space 115200K, 45% used [0x00000000e0000000,0x00000000e3344968,0x00000000e7080000)
  from space 11264K, 88% used [0x00000000e7d80000,0x00000000e873d5d0,0x00000000e8880000)
  to   space 12288K, 0% used [0x00000000e7080000,0x00000000e7080000,0x00000000e7c80000)
 ParOldGen       total 89600K, used 28553K [0x00000000a0000000, 0x00000000a5780000, 0x00000000e0000000)
  object space 89600K, 31% used [0x00000000a0000000,0x00000000a1be25b0,0x00000000a5780000)
 Metaspace       used 57097K, capacity 58902K, committed 59008K, reserved 1099776K
  class space    used 7802K, capacity 8300K, committed 8320K, reserved 1048576K
Event: 34.973 GC heap after
Heap after GC invocations=17 (full 2):
 PSYoungGen      total 127488K, used 11372K [0x00000000e0000000, 0x00000000eaa80000, 0x0000000100000000)
  eden space 115200K, 0% used [0x00000000e0000000,0x00000000e0000000,0x00000000e7080000)
  from space 12288K, 92% used [0x00000000e7080000,0x00000000e7b9b118,0x00000000e7c80000)
  to   space 13312K, 0% used [0x00000000e9d80000,0x00000000e9d80000,0x00000000eaa80000)
 ParOldGen       total 89600K, used 28561K [0x00000000a0000000, 0x00000000a5780000, 0x00000000e0000000)
  object space 89600K, 31% used [0x00000000a0000000,0x00000000a1be45b0,0x00000000a5780000)
 Metaspace       used 57097K, capacity 58902K, committed 59008K, reserved 1099776K
  class space    used 7802K, capacity 8300K, committed 8320K, reserved 1048576K
}
Event: 34.973 GC heap before
{Heap before GC invocations=18 (full 3):
 PSYoungGen      total 127488K, used 11372K [0x00000000e0000000, 0x00000000eaa80000, 0x0000000100000000)
  eden space 115200K, 0% used [0x00000000e0000000,0x00000000e0000000,0x00000000e7080000)
  from space 12288K, 92% used [0x00000000e7080000,0x00000000e7b9b118,0x00000000e7c80000)
  to   space 13312K, 0% used [0x00000000e9d80000,0x00000000e9d80000,0x00000000eaa80000)
 ParOldGen       total 89600K, used 28561K [0x00000000a0000000, 0x00000000a5780000, 0x00000000e0000000)
  object space 89600K, 31% used [0x00000000a0000000,0x00000000a1be45b0,0x00000000a5780000)
 Metaspace       used 57097K, capacity 58902K, committed 59008K, reserved 1099776K
  class space    used 7802K, capacity 8300K, committed 8320K, reserved 1048576K
Event: 35.500 GC heap after
Heap after GC invocations=18 (full 3):
 PSYoungGen      total 127488K, used 0K [0x00000000e0000000, 0x00000000eaa80000, 0x0000000100000000)
  eden space 115200K, 0% used [0x00000000e0000000,0x00000000e0000000,0x00000000e7080000)
  from space 12288K, 0% used [0x00000000e7080000,0x00000000e7080000,0x00000000e7c80000)
  to   space 13312K, 0% used [0x00000000e9d80000,0x00000000e9d80000,0x00000000eaa80000)
 ParOldGen       total 89600K, used 38248K [0x00000000a0000000, 0x00000000a5780000, 0x00000000e0000000)
  object space 89600K, 42% used [0x00000000a0000000,0x00000000a255a040,0x00000000a5780000)
 Metaspace       used 57097K, capacity 58902K, committed 59008K, reserved 1099776K
  class space    used 7802K, capacity 8300K, committed 8320K, reserved 1048576K
}
Event: 42.116 GC heap before
{Heap before GC invocations=19 (full 3):
 PSYoungGen      total 127488K, used 115200K [0x00000000e0000000, 0x00000000eaa80000, 0x0000000100000000)
  eden space 115200K, 100% used [0x00000000e0000000,0x00000000e7080000,0x00000000e7080000)
  from space 12288K, 0% used [0x00000000e7080000,0x00000000e7080000,0x00000000e7c80000)
  to   space 13312K, 0% used [0x00000000e9d80000,0x00000000e9d80000,0x00000000eaa80000)
 ParOldGen       total 89600K, used 38248K [0x00000000a0000000, 0x00000000a5780000, 0x00000000e0000000)
  object space 89600K, 42% used [0x00000000a0000000,0x00000000a255a040,0x00000000a5780000)
 Metaspace       used 62225K, capacity 64186K, committed 64384K, reserved 1103872K
  class space    used 8433K, capacity 8964K, committed 9088K, reserved 1048576K
Event: 42.156 GC heap after
Heap after GC invocations=19 (full 3):
 PSYoungGen      total 151040K, used 13309K [0x00000000e0000000, 0x00000000eaa80000, 0x0000000100000000)
  eden space 137728K, 0% used [0x00000000e0000000,0x00000000e0000000,0x00000000e8680000)
  from space 13312K, 99% used [0x00000000e9d80000,0x00000000eaa7f638,0x00000000eaa80000)
  to   space 17408K, 0% used [0x00000000e8880000,0x00000000e8880000,0x00000000e9980000)
 ParOldGen       total 89600K, used 44862K [0x00000000a0000000, 0x00000000a5780000, 0x00000000e0000000)
  object space 89600K, 50% used [0x00000000a0000000,0x00000000a2bcf9d8,0x00000000a5780000)
 Metaspace       used 62225K, capacity 64186K, committed 64384K, reserved 1103872K
  class space    used 8433K, capacity 8964K, committed 9088K, reserved 1048576K
}
Event: 48.054 GC heap before
{Heap before GC invocations=20 (full 3):
 PSYoungGen      total 151040K, used 150816K [0x00000000e0000000, 0x00000000eaa80000, 0x0000000100000000)
  eden space 137728K, 99% used [0x00000000e0000000,0x00000000e8648aa8,0x00000000e8680000)
  from space 13312K, 99% used [0x00000000e9d80000,0x00000000eaa7f638,0x00000000eaa80000)
  to   space 17408K, 0% used [0x00000000e8880000,0x00000000e8880000,0x00000000e9980000)
 ParOldGen       total 89600K, used 44862K [0x00000000a0000000, 0x00000000a5780000, 0x00000000e0000000)
  object space 89600K, 50% used [0x00000000a0000000,0x00000000a2bcf9d8,0x00000000a5780000)
 Metaspace       used 71122K, capacity 73428K, committed 73600K, reserved 1112064K
  class space    used 9501K, capacity 10049K, committed 10112K, reserved 1048576K
Event: 48.094 GC heap after
Heap after GC invocations=20 (full 3):
 PSYoungGen      total 157184K, used 17403K [0x00000000e0000000, 0x00000000ec300000, 0x0000000100000000)
  eden space 139776K, 0% used [0x00000000e0000000,0x00000000e0000000,0x00000000e8880000)
  from space 17408K, 99% used [0x00000000e8880000,0x00000000e997ed88,0x00000000e9980000)
  to   space 22528K, 0% used [0x00000000ead00000,0x00000000ead00000,0x00000000ec300000)
 ParOldGen       total 89600K, used 51983K [0x00000000a0000000, 0x00000000a5780000, 0x00000000e0000000)
  object space 89600K, 58% used [0x00000000a0000000,0x00000000a32c3f10,0x00000000a5780000)
 Metaspace       used 71122K, capacity 73428K, committed 73600K, reserved 1112064K
  class space    used 9501K, capacity 10049K, committed 10112K, reserved 1048576K
}

